2026-03-28 11:05:17,696 | INFO | Bot ishga tushmoqda...
2026-03-28 11:05:21,616 | INFO | Bot polling boshlandi. To'xtatish: Ctrl+C
2026-03-28 11:05:22,022 | INFO | HTTP Request: POST https://api.telegram.org/bot8715514831:AAGs0bAi4IU4cjtpg7vdiEvmY_bwzoqBVEU/getMe "HTTP/1.1 200 OK"
2026-03-28 11:05:22,124 | INFO | HTTP Request: POST https://api.telegram.org/bot8715514831:AAGs0bAi4IU4cjtpg7vdiEvmY_bwzoqBVEU/deleteWebhook "HTTP/1.1 200 OK"
2026-03-28 11:05:22,127 | INFO | Application started
2026-03-28 11:05:32,430 | INFO | HTTP Request: POST https://api.telegram.org/bot8715514831:AAGs0bAi4IU4cjtpg7vdiEvmY_bwzoqBVEU/getUpdates "HTTP/1.1 200 OK"
2026-03-28 11:05:42,534 | INFO | HTTP Request: POST https://api.telegram.org/bot8715514831:AAGs0bAi4IU4cjtpg7vdiEvmY_bwzoqBVEU/getUpdates "HTTP/1.1 200 OK"
2026-03-28 11:05:52,649 | INFO | HTTP Request: POST https://api.telegram.org/bot8715514831:AAGs0bAi4IU4cjtpg7vdiEvmY_bwzoqBVEU/getUpdates "HTTP/1.1 200 OK"
2026-03-28 11:05:52,746 | INFO | HTTP Request: POST https://api.telegram.org/bot8715514831:AAGs0bAi4IU4cjtpg7vdiEvmY_bwzoqBVEU/getUpdates "HTTP/1.1 200 OK"
2026-03-28 11:05:54,975 | INFO | HTTP Request: POST https://api.telegram.org/bot8715514831:AAGs0bAi4IU4cjtpg7vdiEvmY_bwzoqBVEU/sendMessage "HTTP/1.1 200 OK"
2026-03-28 11:06:04,751 | INFO | HTTP Request: POST https://api.telegram.org/bot8715514831:AAGs0bAi4IU4cjtpg7vdiEvmY_bwzoqBVEU/getUpdates "HTTP/1.1 200 OK"
2026-03-28 11:06:13,213 | INFO | HTTP Request: POST https://api.telegram.org/bot8715514831:AAGs0bAi4IU4cjtpg7vdiEvmY_bwzoqBVEU/getUpdates "HTTP/1.1 200 OK"
2026-03-28 11:06:13,548 | INFO | HTTP Request: POST https://api.telegram.org/bot8715514831:AAGs0bAi4IU4cjtpg7vdiEvmY_bwzoqBVEU/sendMessage "HTTP/1.1 200 OK"
2026-03-28 11:06:18,555 | INFO | HTTP Request: POST https://api.telegram.org/bot8715514831:AAGs0bAi4IU4cjtpg7vdiEvmY_bwzoqBVEU/getUpdates "HTTP/1.1 200 OK"
2026-03-28 11:06:22,630 | INFO | HTTP Request: POST https://api.telegram.org/bot8715514831:AAGs0bAi4IU4cjtpg7vdiEvmY_bwzoqBVEU/sendMessage "HTTP/1.1 200 OK"
2026-03-28 11:06:28,233 | INFO | HTTP Request: POST https://api.telegram.org/bot8715514831:AAGs0bAi4IU4cjtpg7vdiEvmY_bwzoqBVEU/getUpdates "HTTP/1.1 200 OK"
2026-03-28 11:06:32,134 | INFO | HTTP Request: POST https://api.telegram.org/bot8715514831:AAGs0bAi4IU4cjtpg7vdiEvmY_bwzoqBVEU/sendMessage "HTTP/1.1 200 OK"
2026-03-28 11:06:41,897 | INFO | HTTP Request: POST https://api.telegram.org/bot8715514831:AAGs0bAi4IU4cjtpg7vdiEvmY_bwzoqBVEU/getUpdates "HTTP/1.1 200 OK"
2026-03-28 11:06:52,002 | INFO | HTTP Request: POST https://api.telegram.org/bot8715514831:AAGs0bAi4IU4cjtpg7vdiEvmY_bwzoqBVEU/getUpdates "HTTP/1.1 200 OK"
2026-03-28 11:06:58,504 | INFO | HTTP Request: POST https://api.telegram.org/bot8715514831:AAGs0bAi4IU4cjtpg7vdiEvmY_bwzoqBVEU/getUpdates "HTTP/1.1 200 OK"
2026-03-28 11:07:02,643 | INFO | HTTP Request: POST https://api.telegram.org/bot8715514831:AAGs0bAi4IU4cjtpg7vdiEvmY_bwzoqBVEU/sendMessage "HTTP/1.1 200 OK"
2026-03-28 11:07:12,420 | INFO | HTTP Request: POST https://api.telegram.org/bot8715514831:AAGs0bAi4IU4cjtpg7vdiEvmY_bwzoqBVEU/getUpdates "HTTP/1.1 200 OK"
2026-03-28 11:07:13,295 | INFO | HTTP Request: POST https://api.telegram.org/bot8715514831:AAGs0bAi4IU4cjtpg7vdiEvmY_bwzoqBVEU/getUpdates "HTTP/1.1 200 OK"
2026-03-28 11:07:17,384 | INFO | HTTP Request: POST https://api.telegram.org/bot8715514831:AAGs0bAi4IU4cjtpg7vdiEvmY_bwzoqBVEU/sendMessage "HTTP/1.1 200 OK"
2026-03-28 11:07:27,069 | INFO | HTTP Request: POST https://api.telegram.org/bot8715514831:AAGs0bAi4IU4cjtpg7vdiEvmY_bwzoqBVEU/getUpdates "HTTP/1.1 200 OK"
2026-03-28 11:07:37,168 | INFO | HTTP Request: POST https://api.telegram.org/bot8715514831:AAGs0bAi4IU4cjtpg7vdiEvmY_bwzoqBVEU/getUpdates "HTTP/1.1 200 OK"
2026-03-28 11:07:47,273 | INFO | HTTP Request: POST https://api.telegram.org/bot8715514831:AAGs0bAi4IU4cjtpg7vdiEvmY_bwzoqBVEU/getUpdates "HTTP/1.1 200 OK"
2026-03-28 11:07:57,369 | INFO | HTTP Request: POST https://api.telegram.org/bot8715514831:AAGs0bAi4IU4cjtpg7vdiEvmY_bwzoqBVEU/getUpdates "HTTP/1.1 200 OK"
2026-03-28 11:08:07,480 | INFO | HTTP Request: POST https://api.telegram.org/bot8715514831:AAGs0bAi4IU4cjtpg7vdiEvmY_bwzoqBVEU/getUpdates "HTTP/1.1 200 OK"
2026-03-28 11:08:17,585 | INFO | HTTP Request: POST https://api.telegram.org/bot8715514831:AAGs0bAi4IU4cjtpg7vdiEvmY_bwzoqBVEU/getUpdates "HTTP/1.1 200 OK"
2026-03-28 11:08:27,687 | INFO | HTTP Request: POST https://api.telegram.org/bot8715514831:AAGs0bAi4IU4cjtpg7vdiEvmY_bwzoqBVEU/getUpdates "HTTP/1.1 200 OK"
2026-03-28 11:08:37,791 | INFO | HTTP Request: POST https://api.telegram.org/bot8715514831:AAGs0bAi4IU4cjtpg7vdiEvmY_bwzoqBVEU/getUpdates "HTTP/1.1 200 OK"
2026-03-28 11:08:47,893 | INFO | HTTP Request: POST https://api.telegram.org/bot8715514831:AAGs0bAi4IU4cjtpg7vdiEvmY_bwzoqBVEU/getUpdates "HTTP/1.1 200 OK"
2026-03-28 11:08:57,991 | INFO | HTTP Request: POST https://api.telegram.org/bot8715514831:AAGs0bAi4IU4cjtpg7vdiEvmY_bwzoqBVEU/getUpdates "HTTP/1.1 200 OK"
2026-03-28 11:09:08,457 | INFO | HTTP Request: POST https://api.telegram.org/bot8715514831:AAGs0bAi4IU4cjtpg7vdiEvmY_bwzoqBVEU/getUpdates "HTTP/1.1 200 OK"
2026-03-28 11:09:18,560 | INFO | HTTP Request: POST https://api.telegram.org/bot8715514831:AAGs0bAi4IU4cjtpg7vdiEvmY_bwzoqBVEU/getUpdates "HTTP/1.1 200 OK"
2026-03-28 11:09:28,658 | INFO | HTTP Request: POST https://api.telegram.org/bot8715514831:AAGs0bAi4IU4cjtpg7vdiEvmY_bwzoqBVEU/getUpdates "HTTP/1.1 200 OK"
2026-03-28 11:09:38,760 | INFO | HTTP Request: POST https://api.telegram.org/bot8715514831:AAGs0bAi4IU4cjtpg7vdiEvmY_bwzoqBVEU/getUpdates "HTTP/1.1 200 OK"
2026-03-28 11:09:45,849 | INFO | HTTP Request: POST https://api.telegram.org/bot8715514831:AAGs0bAi4IU4cjtpg7vdiEvmY_bwzoqBVEU/getUpdates "HTTP/1.1 200 OK"
2026-03-28 11:09:49,970 | INFO | HTTP Request: POST https://api.telegram.org/bot8715514831:AAGs0bAi4IU4cjtpg7vdiEvmY_bwzoqBVEU/sendMessage "HTTP/1.1 200 OK"
2026-03-28 11:09:59,732 | INFO | HTTP Request: POST https://api.telegram.org/bot8715514831:AAGs0bAi4IU4cjtpg7vdiEvmY_bwzoqBVEU/getUpdates "HTTP/1.1 200 OK"
2026-03-28 11:10:09,832 | INFO | HTTP Request: POST https://api.telegram.org/bot8715514831:AAGs0bAi4IU4cjtpg7vdiEvmY_bwzoqBVEU/getUpdates "HTTP/1.1 200 OK"
2026-03-28 11:10:19,940 | INFO | HTTP Request: POST https://api.telegram.org/bot8715514831:AAGs0bAi4IU4cjtpg7vdiEvmY_bwzoqBVEU/getUpdates "HTTP/1.1 200 OK"
2026-03-28 11:10:30,058 | INFO | HTTP Request: POST https://api.telegram.org/bot8715514831:AAGs0bAi4IU4cjtpg7vdiEvmY_bwzoqBVEU/getUpdates "HTTP/1.1 200 OK"
2026-03-28 11:10:40,158 | INFO | HTTP Request: POST https://api.telegram.org/bot8715514831:AAGs0bAi4IU4cjtpg7vdiEvmY_bwzoqBVEU/getUpdates "HTTP/1.1 200 OK"
2026-03-28 11:10:50,261 | INFO | HTTP Request: POST https://api.telegram.org/bot8715514831:AAGs0bAi4IU4cjtpg7vdiEvmY_bwzoqBVEU/getUpdates "HTTP/1.1 200 OK"
2026-03-28 11:11:00,365 | INFO | HTTP Request: POST https://api.telegram.org/bot8715514831:AAGs0bAi4IU4cjtpg7vdiEvmY_bwzoqBVEU/getUpdates "HTTP/1.1 200 OK"
2026-03-28 11:11:10,471 | INFO | HTTP Request: POST https://api.telegram.org/bot8715514831:AAGs0bAi4IU4cjtpg7vdiEvmY_bwzoqBVEU/getUpdates "HTTP/1.1 200 OK"
2026-03-28 11:11:20,578 | INFO | HTTP Request: POST https://api.telegram.org/bot8715514831:AAGs0bAi4IU4cjtpg7vdiEvmY_bwzoqBVEU/getUpdates "HTTP/1.1 200 OK"
2026-03-28 11:11:30,680 | INFO | HTTP Request: POST https://api.telegram.org/bot8715514831:AAGs0bAi4IU4cjtpg7vdiEvmY_bwzoqBVEU/getUpdates "HTTP/1.1 200 OK"
2026-03-28 11:11:40,785 | INFO | HTTP Request: POST https://api.telegram.org/bot8715514831:AAGs0bAi4IU4cjtpg7vdiEvmY_bwzoqBVEU/getUpdates "HTTP/1.1 200 OK"
2026-03-28 11:11:50,902 | INFO | HTTP Request: POST https://api.telegram.org/bot8715514831:AAGs0bAi4IU4cjtpg7vdiEvmY_bwzoqBVEU/getUpdates "HTTP/1.1 200 OK"
2026-03-28 11:12:00,999 | INFO | HTTP Request: POST https://api.telegram.org/bot8715514831:AAGs0bAi4IU4cjtpg7vdiEvmY_bwzoqBVEU/getUpdates "HTTP/1.1 200 OK"
2026-03-28 11:12:11,105 | INFO | HTTP Request: POST https://api.telegram.org/bot8715514831:AAGs0bAi4IU4cjtpg7vdiEvmY_bwzoqBVEU/getUpdates "HTTP/1.1 200 OK"
2026-03-28 11:12:21,205 | INFO | HTTP Request: POST https://api.telegram.org/bot8715514831:AAGs0bAi4IU4cjtpg7vdiEvmY_bwzoqBVEU/getUpdates "HTTP/1.1 200 OK"
2026-03-28 11:12:31,302 | INFO | HTTP Request: POST https://api.telegram.org/bot8715514831:AAGs0bAi4IU4cjtpg7vdiEvmY_bwzoqBVEU/getUpdates "HTTP/1.1 200 OK"
2026-03-28 11:12:41,398 | INFO | HTTP Request: POST https://api.telegram.org/bot8715514831:AAGs0bAi4IU4cjtpg7vdiEvmY_bwzoqBVEU/getUpdates "HTTP/1.1 200 OK"
2026-03-28 11:12:51,496 | INFO | HTTP Request: POST https://api.telegram.org/bot8715514831:AAGs0bAi4IU4cjtpg7vdiEvmY_bwzoqBVEU/getUpdates "HTTP/1.1 200 OK"
2026-03-28 11:13:01,595 | INFO | HTTP Request: POST https://api.telegram.org/bot8715514831:AAGs0bAi4IU4cjtpg7vdiEvmY_bwzoqBVEU/getUpdates "HTTP/1.1 200 OK"
2026-03-28 11:13:11,696 | INFO | HTTP Request: POST https://api.telegram.org/bot8715514831:AAGs0bAi4IU4cjtpg7vdiEvmY_bwzoqBVEU/getUpdates "HTTP/1.1 200 OK"
2026-03-28 11:13:21,793 | INFO | HTTP Request: POST https://api.telegram.org/bot8715514831:AAGs0bAi4IU4cjtpg7vdiEvmY_bwzoqBVEU/getUpdates "HTTP/1.1 200 OK"
2026-03-28 11:13:31,890 | INFO | HTTP Request: POST https://api.telegram.org/bot8715514831:AAGs0bAi4IU4cjtpg7vdiEvmY_bwzoqBVEU/getUpdates "HTTP/1.1 200 OK"
2026-03-28 11:13:41,987 | INFO | HTTP Request: POST https://api.telegram.org/bot8715514831:AAGs0bAi4IU4cjtpg7vdiEvmY_bwzoqBVEU/getUpdates "HTTP/1.1 200 OK"
2026-03-28 11:13:52,084 | INFO | HTTP Request: POST https://api.telegram.org/bot8715514831:AAGs0bAi4IU4cjtpg7vdiEvmY_bwzoqBVEU/getUpdates "HTTP/1.1 200 OK"
2026-03-28 11:14:02,184 | INFO | HTTP Request: POST https://api.telegram.org/bot8715514831:AAGs0bAi4IU4cjtpg7vdiEvmY_bwzoqBVEU/getUpdates "HTTP/1.1 200 OK"
2026-03-28 11:14:12,281 | INFO | HTTP Request: POST https://api.telegram.org/bot8715514831:AAGs0bAi4IU4cjtpg7vdiEvmY_bwzoqBVEU/getUpdates "HTTP/1.1 200 OK"
2026-03-28 11:14:22,386 | INFO | HTTP Request: POST https://api.telegram.org/bot8715514831:AAGs0bAi4IU4cjtpg7vdiEvmY_bwzoqBVEU/getUpdates "HTTP/1.1 200 OK"
2026-03-28 11:14:32,489 | INFO | HTTP Request: POST https://api.telegram.org/bot8715514831:AAGs0bAi4IU4cjtpg7vdiEvmY_bwzoqBVEU/getUpdates "HTTP/1.1 200 OK"
2026-03-28 11:14:42,598 | INFO | HTTP Request: POST https://api.telegram.org/bot8715514831:AAGs0bAi4IU4cjtpg7vdiEvmY_bwzoqBVEU/getUpdates "HTTP/1.1 200 OK"
2026-03-28 11:14:52,704 | INFO | HTTP Request: POST https://api.telegram.org/bot8715514831:AAGs0bAi4IU4cjtpg7vdiEvmY_bwzoqBVEU/getUpdates "HTTP/1.1 200 OK"
2026-03-28 11:15:02,809 | INFO | HTTP Request: POST https://api.telegram.org/bot8715514831:AAGs0bAi4IU4cjtpg7vdiEvmY_bwzoqBVEU/getUpdates "HTTP/1.1 200 OK"
2026-03-28 11:15:12,906 | INFO | HTTP Request: POST https://api.telegram.org/bot8715514831:AAGs0bAi4IU4cjtpg7vdiEvmY_bwzoqBVEU/getUpdates "HTTP/1.1 200 OK"
2026-03-28 11:15:23,002 | INFO | HTTP Request: POST https://api.telegram.org/bot8715514831:AAGs0bAi4IU4cjtpg7vdiEvmY_bwzoqBVEU/getUpdates "HTTP/1.1 200 OK"
2026-03-28 11:15:33,097 | INFO | HTTP Request: POST https://api.telegram.org/bot8715514831:AAGs0bAi4IU4cjtpg7vdiEvmY_bwzoqBVEU/getUpdates "HTTP/1.1 200 OK"
2026-03-28 11:15:43,205 | INFO | HTTP Request: POST https://api.telegram.org/bot8715514831:AAGs0bAi4IU4cjtpg7vdiEvmY_bwzoqBVEU/getUpdates "HTTP/1.1 200 OK"
2026-03-28 11:15:53,308 | INFO | HTTP Request: POST https://api.telegram.org/bot8715514831:AAGs0bAi4IU4cjtpg7vdiEvmY_bwzoqBVEU/getUpdates "HTTP/1.1 200 OK"
2026-03-28 11:16:03,417 | INFO | HTTP Request: POST https://api.telegram.org/bot8715514831:AAGs0bAi4IU4cjtpg7vdiEvmY_bwzoqBVEU/getUpdates "HTTP/1.1 200 OK"
2026-03-28 11:16:13,526 | INFO | HTTP Request: POST https://api.telegram.org/bot8715514831:AAGs0bAi4IU4cjtpg7vdiEvmY_bwzoqBVEU/getUpdates "HTTP/1.1 200 OK"
2026-03-28 11:16:23,627 | INFO | HTTP Request: POST https://api.telegram.org/bot8715514831:AAGs0bAi4IU4cjtpg7vdiEvmY_bwzoqBVEU/getUpdates "HTTP/1.1 200 OK"
2026-03-28 11:16:33,726 | INFO | HTTP Request: POST https://api.telegram.org/bot8715514831:AAGs0bAi4IU4cjtpg7vdiEvmY_bwzoqBVEU/getUpdates "HTTP/1.1 200 OK"
2026-03-28 11:16:43,827 | INFO | HTTP Request: POST https://api.telegram.org/bot8715514831:AAGs0bAi4IU4cjtpg7vdiEvmY_bwzoqBVEU/getUpdates "HTTP/1.1 200 OK"
2026-03-28 11:16:53,924 | INFO | HTTP Request: POST https://api.telegram.org/bot8715514831:AAGs0bAi4IU4cjtpg7vdiEvmY_bwzoqBVEU/getUpdates "HTTP/1.1 200 OK"
2026-03-28 11:17:04,020 | INFO | HTTP Request: POST https://api.telegram.org/bot8715514831:AAGs0bAi4IU4cjtpg7vdiEvmY_bwzoqBVEU/getUpdates "HTTP/1.1 200 OK"
2026-03-28 11:17:14,119 | INFO | HTTP Request: POST https://api.telegram.org/bot8715514831:AAGs0bAi4IU4cjtpg7vdiEvmY_bwzoqBVEU/getUpdates "HTTP/1.1 200 OK"
2026-03-28 11:17:24,221 | INFO | HTTP Request: POST https://api.telegram.org/bot8715514831:AAGs0bAi4IU4cjtpg7vdiEvmY_bwzoqBVEU/getUpdates "HTTP/1.1 200 OK"
2026-03-28 11:17:34,318 | INFO | HTTP Request: POST https://api.telegram.org/bot8715514831:AAGs0bAi4IU4cjtpg7vdiEvmY_bwzoqBVEU/getUpdates "HTTP/1.1 200 OK"
2026-03-28 11:17:44,420 | INFO | HTTP Request: POST https://api.telegram.org/bot8715514831:AAGs0bAi4IU4cjtpg7vdiEvmY_bwzoqBVEU/getUpdates "HTTP/1.1 200 OK"
2026-03-28 11:17:54,515 | INFO | HTTP Request: POST https://api.telegram.org/bot8715514831:AAGs0bAi4IU4cjtpg7vdiEvmY_bwzoqBVEU/getUpdates "HTTP/1.1 200 OK"
2026-03-28 11:18:04,619 | INFO | HTTP Request: POST https://api.telegram.org/bot8715514831:AAGs0bAi4IU4cjtpg7vdiEvmY_bwzoqBVEU/getUpdates "HTTP/1.1 200 OK"
2026-03-28 11:18:14,731 | INFO | HTTP Request: POST https://api.telegram.org/bot8715514831:AAGs0bAi4IU4cjtpg7vdiEvmY_bwzoqBVEU/getUpdates "HTTP/1.1 200 OK"
2026-03-28 11:18:24,830 | INFO | HTTP Request: POST https://api.telegram.org/bot8715514831:AAGs0bAi4IU4cjtpg7vdiEvmY_bwzoqBVEU/getUpdates "HTTP/1.1 200 OK"
2026-03-28 11:18:34,929 | INFO | HTTP Request: POST https://api.telegram.org/bot8715514831:AAGs0bAi4IU4cjtpg7vdiEvmY_bwzoqBVEU/getUpdates "HTTP/1.1 200 OK"
2026-03-28 11:18:45,028 | INFO | HTTP Request: POST https://api.telegram.org/bot8715514831:AAGs0bAi4IU4cjtpg7vdiEvmY_bwzoqBVEU/getUpdates "HTTP/1.1 200 OK"
2026-03-28 11:18:55,128 | INFO | HTTP Request: POST https://api.telegram.org/bot8715514831:AAGs0bAi4IU4cjtpg7vdiEvmY_bwzoqBVEU/getUpdates "HTTP/1.1 200 OK"
2026-03-28 11:19:05,229 | INFO | HTTP Request: POST https://api.telegram.org/bot8715514831:AAGs0bAi4IU4cjtpg7vdiEvmY_bwzoqBVEU/getUpdates "HTTP/1.1 200 OK"
2026-03-28 11:19:15,329 | INFO | HTTP Request: POST https://api.telegram.org/bot8715514831:AAGs0bAi4IU4cjtpg7vdiEvmY_bwzoqBVEU/getUpdates "HTTP/1.1 200 OK"
2026-03-28 11:19:25,429 | INFO | HTTP Request: POST https://api.telegram.org/bot8715514831:AAGs0bAi4IU4cjtpg7vdiEvmY_bwzoqBVEU/getUpdates "HTTP/1.1 200 OK"
2026-03-28 11:19:35,532 | INFO | HTTP Request: POST https://api.telegram.org/bot8715514831:AAGs0bAi4IU4cjtpg7vdiEvmY_bwzoqBVEU/getUpdates "HTTP/1.1 200 OK"
2026-03-28 11:19:45,627 | INFO | HTTP Request: POST https://api.telegram.org/bot8715514831:AAGs0bAi4IU4cjtpg7vdiEvmY_bwzoqBVEU/getUpdates "HTTP/1.1 200 OK"
2026-03-28 11:19:55,727 | INFO | HTTP Request: POST https://api.telegram.org/bot8715514831:AAGs0bAi4IU4cjtpg7vdiEvmY_bwzoqBVEU/getUpdates "HTTP/1.1 200 OK"
2026-03-28 11:20:05,849 | INFO | HTTP Request: POST https://api.telegram.org/bot8715514831:AAGs0bAi4IU4cjtpg7vdiEvmY_bwzoqBVEU/getUpdates "HTTP/1.1 200 OK"
2026-03-28 11:20:15,948 | INFO | HTTP Request: POST https://api.telegram.org/bot8715514831:AAGs0bAi4IU4cjtpg7vdiEvmY_bwzoqBVEU/getUpdates "HTTP/1.1 200 OK"
2026-03-28 11:20:26,049 | INFO | HTTP Request: POST https://api.telegram.org/bot8715514831:AAGs0bAi4IU4cjtpg7vdiEvmY_bwzoqBVEU/getUpdates "HTTP/1.1 200 OK"
2026-03-28 11:20:36,146 | INFO | HTTP Request: POST https://api.telegram.org/bot8715514831:AAGs0bAi4IU4cjtpg7vdiEvmY_bwzoqBVEU/getUpdates "HTTP/1.1 200 OK"
2026-03-28 11:20:46,251 | INFO | HTTP Request: POST https://api.telegram.org/bot8715514831:AAGs0bAi4IU4cjtpg7vdiEvmY_bwzoqBVEU/getUpdates "HTTP/1.1 200 OK"
2026-03-28 11:20:56,353 | INFO | HTTP Request: POST https://api.telegram.org/bot8715514831:AAGs0bAi4IU4cjtpg7vdiEvmY_bwzoqBVEU/getUpdates "HTTP/1.1 200 OK"
2026-03-28 11:21:06,460 | INFO | HTTP Request: POST https://api.telegram.org/bot8715514831:AAGs0bAi4IU4cjtpg7vdiEvmY_bwzoqBVEU/getUpdates "HTTP/1.1 200 OK"
2026-03-28 11:21:16,567 | INFO | HTTP Request: POST https://api.telegram.org/bot8715514831:AAGs0bAi4IU4cjtpg7vdiEvmY_bwzoqBVEU/getUpdates "HTTP/1.1 200 OK"
2026-03-28 11:21:26,675 | INFO | HTTP Request: POST https://api.telegram.org/bot8715514831:AAGs0bAi4IU4cjtpg7vdiEvmY_bwzoqBVEU/getUpdates "HTTP/1.1 200 OK"
2026-03-28 11:21:36,780 | INFO | HTTP Request: POST https://api.telegram.org/bot8715514831:AAGs0bAi4IU4cjtpg7vdiEvmY_bwzoqBVEU/getUpdates "HTTP/1.1 200 OK"
2026-03-28 11:21:46,879 | INFO | HTTP Request: POST https://api.telegram.org/bot8715514831:AAGs0bAi4IU4cjtpg7vdiEvmY_bwzoqBVEU/getUpdates "HTTP/1.1 200 OK"
2026-03-28 11:21:56,986 | INFO | HTTP Request: POST https://api.telegram.org/bot8715514831:AAGs0bAi4IU4cjtpg7vdiEvmY_bwzoqBVEU/getUpdates "HTTP/1.1 200 OK"
2026-03-28 11:22:07,341 | INFO | HTTP Request: POST https://api.telegram.org/bot8715514831:AAGs0bAi4IU4cjtpg7vdiEvmY_bwzoqBVEU/getUpdates "HTTP/1.1 200 OK"
2026-03-28 11:22:17,445 | INFO | HTTP Request: POST https://api.telegram.org/bot8715514831:AAGs0bAi4IU4cjtpg7vdiEvmY_bwzoqBVEU/getUpdates "HTTP/1.1 200 OK"
2026-03-28 11:22:27,553 | INFO | HTTP Request: POST https://api.telegram.org/bot8715514831:AAGs0bAi4IU4cjtpg7vdiEvmY_bwzoqBVEU/getUpdates "HTTP/1.1 200 OK"
2026-03-28 11:22:37,657 | INFO | HTTP Request: POST https://api.telegram.org/bot8715514831:AAGs0bAi4IU4cjtpg7vdiEvmY_bwzoqBVEU/getUpdates "HTTP/1.1 200 OK"
2026-03-28 11:22:47,787 | INFO | HTTP Request: POST https://api.telegram.org/bot8715514831:AAGs0bAi4IU4cjtpg7vdiEvmY_bwzoqBVEU/getUpdates "HTTP/1.1 200 OK"
2026-03-28 11:22:57,891 | INFO | HTTP Request: POST https://api.telegram.org/bot8715514831:AAGs0bAi4IU4cjtpg7vdiEvmY_bwzoqBVEU/getUpdates "HTTP/1.1 200 OK"
2026-03-28 11:23:07,992 | INFO | HTTP Request: POST https://api.telegram.org/bot8715514831:AAGs0bAi4IU4cjtpg7vdiEvmY_bwzoqBVEU/getUpdates "HTTP/1.1 200 OK"
2026-03-28 11:23:18,093 | INFO | HTTP Request: POST https://api.telegram.org/bot8715514831:AAGs0bAi4IU4cjtpg7vdiEvmY_bwzoqBVEU/getUpdates "HTTP/1.1 200 OK"
2026-03-28 11:23:28,198 | INFO | HTTP Request: POST https://api.telegram.org/bot8715514831:AAGs0bAi4IU4cjtpg7vdiEvmY_bwzoqBVEU/getUpdates "HTTP/1.1 200 OK"
2026-03-28 11:23:38,307 | INFO | HTTP Request: POST https://api.telegram.org/bot8715514831:AAGs0bAi4IU4cjtpg7vdiEvmY_bwzoqBVEU/getUpdates "HTTP/1.1 200 OK"
2026-03-28 11:23:48,406 | INFO | HTTP Request: POST https://api.telegram.org/bot8715514831:AAGs0bAi4IU4cjtpg7vdiEvmY_bwzoqBVEU/getUpdates "HTTP/1.1 200 OK"
2026-03-28 11:23:58,514 | INFO | HTTP Request: POST https://api.telegram.org/bot8715514831:AAGs0bAi4IU4cjtpg7vdiEvmY_bwzoqBVEU/getUpdates "HTTP/1.1 200 OK"
2026-03-28 11:24:08,621 | INFO | HTTP Request: POST https://api.telegram.org/bot8715514831:AAGs0bAi4IU4cjtpg7vdiEvmY_bwzoqBVEU/getUpdates "HTTP/1.1 200 OK"
2026-03-28 11:24:18,721 | INFO | HTTP Request: POST https://api.telegram.org/bot8715514831:AAGs0bAi4IU4cjtpg7vdiEvmY_bwzoqBVEU/getUpdates "HTTP/1.1 200 OK"
2026-03-28 11:24:28,823 | INFO | HTTP Request: POST https://api.telegram.org/bot8715514831:AAGs0bAi4IU4cjtpg7vdiEvmY_bwzoqBVEU/getUpdates "HTTP/1.1 200 OK"
2026-03-28 11:24:38,926 | INFO | HTTP Request: POST https://api.telegram.org/bot8715514831:AAGs0bAi4IU4cjtpg7vdiEvmY_bwzoqBVEU/getUpdates "HTTP/1.1 200 OK"
2026-03-28 11:24:49,037 | INFO | HTTP Request: POST https://api.telegram.org/bot8715514831:AAGs0bAi4IU4cjtpg7vdiEvmY_bwzoqBVEU/getUpdates "HTTP/1.1 200 OK"
2026-03-28 11:24:59,144 | INFO | HTTP Request: POST https://api.telegram.org/bot8715514831:AAGs0bAi4IU4cjtpg7vdiEvmY_bwzoqBVEU/getUpdates "HTTP/1.1 200 OK"
2026-03-28 11:25:09,248 | INFO | HTTP Request: POST https://api.telegram.org/bot8715514831:AAGs0bAi4IU4cjtpg7vdiEvmY_bwzoqBVEU/getUpdates "HTTP/1.1 200 OK"
2026-03-28 11:25:19,350 | INFO | HTTP Request: POST https://api.telegram.org/bot8715514831:AAGs0bAi4IU4cjtpg7vdiEvmY_bwzoqBVEU/getUpdates "HTTP/1.1 200 OK"
2026-03-28 11:25:29,453 | INFO | HTTP Request: POST https://api.telegram.org/bot8715514831:AAGs0bAi4IU4cjtpg7vdiEvmY_bwzoqBVEU/getUpdates "HTTP/1.1 200 OK"
2026-03-28 11:25:32,875 | INFO | HTTP Request: POST https://api.telegram.org/bot8715514831:AAGs0bAi4IU4cjtpg7vdiEvmY_bwzoqBVEU/getUpdates "HTTP/1.1 200 OK"
2026-03-28 11:25:35,403 | INFO | HTTP Request: POST https://api.telegram.org/bot8715514831:AAGs0bAi4IU4cjtpg7vdiEvmY_bwzoqBVEU/sendMessage "HTTP/1.1 200 OK"
2026-03-28 11:25:44,867 | INFO | HTTP Request: POST https://api.telegram.org/bot8715514831:AAGs0bAi4IU4cjtpg7vdiEvmY_bwzoqBVEU/getUpdates "HTTP/1.1 200 OK"
2026-03-28 11:25:48,771 | INFO | HTTP Request: POST https://api.telegram.org/bot8715514831:AAGs0bAi4IU4cjtpg7vdiEvmY_bwzoqBVEU/sendMessage "HTTP/1.1 200 OK"
2026-03-28 11:25:56,719 | INFO | HTTP Request: POST https://api.telegram.org/bot8715514831:AAGs0bAi4IU4cjtpg7vdiEvmY_bwzoqBVEU/getUpdates "HTTP/1.1 200 OK"
2026-03-28 11:26:00,668 | INFO | HTTP Request: POST https://api.telegram.org/bot8715514831:AAGs0bAi4IU4cjtpg7vdiEvmY_bwzoqBVEU/sendMessage "HTTP/1.1 200 OK"
2026-03-28 11:26:03,834 | INFO | HTTP Request: POST https://api.telegram.org/bot8715514831:AAGs0bAi4IU4cjtpg7vdiEvmY_bwzoqBVEU/getUpdates "HTTP/1.1 200 OK"
2026-03-28 11:26:08,131 | INFO | HTTP Request: POST https://api.telegram.org/bot8715514831:AAGs0bAi4IU4cjtpg7vdiEvmY_bwzoqBVEU/sendMessage "HTTP/1.1 200 OK"
2026-03-28 11:26:17,537 | INFO | HTTP Request: POST https://api.telegram.org/bot8715514831:AAGs0bAi4IU4cjtpg7vdiEvmY_bwzoqBVEU/getUpdates "HTTP/1.1 200 OK"
2026-03-28 11:26:27,644 | INFO | HTTP Request: POST https://api.telegram.org/bot8715514831:AAGs0bAi4IU4cjtpg7vdiEvmY_bwzoqBVEU/getUpdates "HTTP/1.1 200 OK"
2026-03-28 11:26:37,750 | INFO | HTTP Request: POST https://api.telegram.org/bot8715514831:AAGs0bAi4IU4cjtpg7vdiEvmY_bwzoqBVEU/getUpdates "HTTP/1.1 200 OK"
2026-03-28 11:26:47,855 | INFO | HTTP Request: POST https://api.telegram.org/bot8715514831:AAGs0bAi4IU4cjtpg7vdiEvmY_bwzoqBVEU/getUpdates "HTTP/1.1 200 OK"
2026-03-28 11:26:57,962 | INFO | HTTP Request: POST https://api.telegram.org/bot8715514831:AAGs0bAi4IU4cjtpg7vdiEvmY_bwzoqBVEU/getUpdates "HTTP/1.1 200 OK"
2026-03-28 11:27:08,064 | INFO | HTTP Request: POST https://api.telegram.org/bot8715514831:AAGs0bAi4IU4cjtpg7vdiEvmY_bwzoqBVEU/getUpdates "HTTP/1.1 200 OK"
2026-03-28 11:27:18,166 | INFO | HTTP Request: POST https://api.telegram.org/bot8715514831:AAGs0bAi4IU4cjtpg7vdiEvmY_bwzoqBVEU/getUpdates "HTTP/1.1 200 OK"
2026-03-28 11:27:28,272 | INFO | HTTP Request: POST https://api.telegram.org/bot8715514831:AAGs0bAi4IU4cjtpg7vdiEvmY_bwzoqBVEU/getUpdates "HTTP/1.1 200 OK"
2026-03-28 11:27:38,383 | INFO | HTTP Request: POST https://api.telegram.org/bot8715514831:AAGs0bAi4IU4cjtpg7vdiEvmY_bwzoqBVEU/getUpdates "HTTP/1.1 200 OK"
2026-03-28 11:27:48,487 | INFO | HTTP Request: POST https://api.telegram.org/bot8715514831:AAGs0bAi4IU4cjtpg7vdiEvmY_bwzoqBVEU/getUpdates "HTTP/1.1 200 OK"
2026-03-28 11:27:58,594 | INFO | HTTP Request: POST https://api.telegram.org/bot8715514831:AAGs0bAi4IU4cjtpg7vdiEvmY_bwzoqBVEU/getUpdates "HTTP/1.1 200 OK"
2026-03-28 11:28:08,697 | INFO | HTTP Request: POST https://api.telegram.org/bot8715514831:AAGs0bAi4IU4cjtpg7vdiEvmY_bwzoqBVEU/getUpdates "HTTP/1.1 200 OK"
2026-03-28 11:28:18,799 | INFO | HTTP Request: POST https://api.telegram.org/bot8715514831:AAGs0bAi4IU4cjtpg7vdiEvmY_bwzoqBVEU/getUpdates "HTTP/1.1 200 OK"
2026-03-28 11:28:28,904 | INFO | HTTP Request: POST https://api.telegram.org/bot8715514831:AAGs0bAi4IU4cjtpg7vdiEvmY_bwzoqBVEU/getUpdates "HTTP/1.1 200 OK"
2026-03-28 11:28:39,004 | INFO | HTTP Request: POST https://api.telegram.org/bot8715514831:AAGs0bAi4IU4cjtpg7vdiEvmY_bwzoqBVEU/getUpdates "HTTP/1.1 200 OK"
2026-03-28 11:28:49,109 | INFO | HTTP Request: POST https://api.telegram.org/bot8715514831:AAGs0bAi4IU4cjtpg7vdiEvmY_bwzoqBVEU/getUpdates "HTTP/1.1 200 OK"
2026-03-28 11:28:59,209 | INFO | HTTP Request: POST https://api.telegram.org/bot8715514831:AAGs0bAi4IU4cjtpg7vdiEvmY_bwzoqBVEU/getUpdates "HTTP/1.1 200 OK"
2026-03-28 11:29:09,315 | INFO | HTTP Request: POST https://api.telegram.org/bot8715514831:AAGs0bAi4IU4cjtpg7vdiEvmY_bwzoqBVEU/getUpdates "HTTP/1.1 200 OK"
2026-03-28 11:29:19,417 | INFO | HTTP Request: POST https://api.telegram.org/bot8715514831:AAGs0bAi4IU4cjtpg7vdiEvmY_bwzoqBVEU/getUpdates "HTTP/1.1 200 OK"
2026-03-28 11:29:29,522 | INFO | HTTP Request: POST https://api.telegram.org/bot8715514831:AAGs0bAi4IU4cjtpg7vdiEvmY_bwzoqBVEU/getUpdates "HTTP/1.1 200 OK"
2026-03-28 11:29:39,623 | INFO | HTTP Request: POST https://api.telegram.org/bot8715514831:AAGs0bAi4IU4cjtpg7vdiEvmY_bwzoqBVEU/getUpdates "HTTP/1.1 200 OK"
2026-03-28 11:29:49,730 | INFO | HTTP Request: POST https://api.telegram.org/bot8715514831:AAGs0bAi4IU4cjtpg7vdiEvmY_bwzoqBVEU/getUpdates "HTTP/1.1 200 OK"
2026-03-28 11:29:59,835 | INFO | HTTP Request: POST https://api.telegram.org/bot8715514831:AAGs0bAi4IU4cjtpg7vdiEvmY_bwzoqBVEU/getUpdates "HTTP/1.1 200 OK"
2026-03-28 11:30:09,938 | INFO | HTTP Request: POST https://api.telegram.org/bot8715514831:AAGs0bAi4IU4cjtpg7vdiEvmY_bwzoqBVEU/getUpdates "HTTP/1.1 200 OK"
2026-03-28 11:30:20,040 | INFO | HTTP Request: POST https://api.telegram.org/bot8715514831:AAGs0bAi4IU4cjtpg7vdiEvmY_bwzoqBVEU/getUpdates "HTTP/1.1 200 OK"
2026-03-28 11:30:30,143 | INFO | HTTP Request: POST https://api.telegram.org/bot8715514831:AAGs0bAi4IU4cjtpg7vdiEvmY_bwzoqBVEU/getUpdates "HTTP/1.1 200 OK"
2026-03-28 11:30:40,250 | INFO | HTTP Request: POST https://api.telegram.org/bot8715514831:AAGs0bAi4IU4cjtpg7vdiEvmY_bwzoqBVEU/getUpdates "HTTP/1.1 200 OK"
2026-03-28 11:30:50,360 | INFO | HTTP Request: POST https://api.telegram.org/bot8715514831:AAGs0bAi4IU4cjtpg7vdiEvmY_bwzoqBVEU/getUpdates "HTTP/1.1 200 OK"
2026-03-28 11:31:00,463 | INFO | HTTP Request: POST https://api.telegram.org/bot8715514831:AAGs0bAi4IU4cjtpg7vdiEvmY_bwzoqBVEU/getUpdates "HTTP/1.1 200 OK"
2026-03-28 11:31:10,571 | INFO | HTTP Request: POST https://api.telegram.org/bot8715514831:AAGs0bAi4IU4cjtpg7vdiEvmY_bwzoqBVEU/getUpdates "HTTP/1.1 200 OK"
2026-03-28 11:31:20,676 | INFO | HTTP Request: POST https://api.telegram.org/bot8715514831:AAGs0bAi4IU4cjtpg7vdiEvmY_bwzoqBVEU/getUpdates "HTTP/1.1 200 OK"
2026-03-28 11:31:30,781 | INFO | HTTP Request: POST https://api.telegram.org/bot8715514831:AAGs0bAi4IU4cjtpg7vdiEvmY_bwzoqBVEU/getUpdates "HTTP/1.1 200 OK"
2026-03-28 11:31:40,885 | INFO | HTTP Request: POST https://api.telegram.org/bot8715514831:AAGs0bAi4IU4cjtpg7vdiEvmY_bwzoqBVEU/getUpdates "HTTP/1.1 200 OK"
2026-03-28 11:31:51,007 | INFO | HTTP Request: POST https://api.telegram.org/bot8715514831:AAGs0bAi4IU4cjtpg7vdiEvmY_bwzoqBVEU/getUpdates "HTTP/1.1 200 OK"
2026-03-28 11:32:01,118 | INFO | HTTP Request: POST https://api.telegram.org/bot8715514831:AAGs0bAi4IU4cjtpg7vdiEvmY_bwzoqBVEU/getUpdates "HTTP/1.1 200 OK"
2026-03-28 11:32:11,225 | INFO | HTTP Request: POST https://api.telegram.org/bot8715514831:AAGs0bAi4IU4cjtpg7vdiEvmY_bwzoqBVEU/getUpdates "HTTP/1.1 200 OK"
2026-03-28 11:32:21,329 | INFO | HTTP Request: POST https://api.telegram.org/bot8715514831:AAGs0bAi4IU4cjtpg7vdiEvmY_bwzoqBVEU/getUpdates "HTTP/1.1 200 OK"
2026-03-28 11:32:31,432 | INFO | HTTP Request: POST https://api.telegram.org/bot8715514831:AAGs0bAi4IU4cjtpg7vdiEvmY_bwzoqBVEU/getUpdates "HTTP/1.1 200 OK"
2026-03-28 11:32:41,534 | INFO | HTTP Request: POST https://api.telegram.org/bot8715514831:AAGs0bAi4IU4cjtpg7vdiEvmY_bwzoqBVEU/getUpdates "HTTP/1.1 200 OK"
2026-03-28 11:32:51,638 | INFO | HTTP Request: POST https://api.telegram.org/bot8715514831:AAGs0bAi4IU4cjtpg7vdiEvmY_bwzoqBVEU/getUpdates "HTTP/1.1 200 OK"
2026-03-28 11:33:01,742 | INFO | HTTP Request: POST https://api.telegram.org/bot8715514831:AAGs0bAi4IU4cjtpg7vdiEvmY_bwzoqBVEU/getUpdates "HTTP/1.1 200 OK"
2026-03-28 11:33:11,861 | INFO | HTTP Request: POST https://api.telegram.org/bot8715514831:AAGs0bAi4IU4cjtpg7vdiEvmY_bwzoqBVEU/getUpdates "HTTP/1.1 200 OK"
2026-03-28 11:33:21,968 | INFO | HTTP Request: POST https://api.telegram.org/bot8715514831:AAGs0bAi4IU4cjtpg7vdiEvmY_bwzoqBVEU/getUpdates "HTTP/1.1 200 OK"
2026-03-28 11:33:32,075 | INFO | HTTP Request: POST https://api.telegram.org/bot8715514831:AAGs0bAi4IU4cjtpg7vdiEvmY_bwzoqBVEU/getUpdates "HTTP/1.1 200 OK"
2026-03-28 11:33:42,181 | INFO | HTTP Request: POST https://api.telegram.org/bot8715514831:AAGs0bAi4IU4cjtpg7vdiEvmY_bwzoqBVEU/getUpdates "HTTP/1.1 200 OK"
2026-03-28 11:33:52,282 | INFO | HTTP Request: POST https://api.telegram.org/bot8715514831:AAGs0bAi4IU4cjtpg7vdiEvmY_bwzoqBVEU/getUpdates "HTTP/1.1 200 OK"
2026-03-28 11:34:02,388 | INFO | HTTP Request: POST https://api.telegram.org/bot8715514831:AAGs0bAi4IU4cjtpg7vdiEvmY_bwzoqBVEU/getUpdates "HTTP/1.1 200 OK"
2026-03-28 11:34:12,564 | INFO | HTTP Request: POST https://api.telegram.org/bot8715514831:AAGs0bAi4IU4cjtpg7vdiEvmY_bwzoqBVEU/getUpdates "HTTP/1.1 200 OK"
2026-03-28 11:34:22,681 | INFO | HTTP Request: POST https://api.telegram.org/bot8715514831:AAGs0bAi4IU4cjtpg7vdiEvmY_bwzoqBVEU/getUpdates "HTTP/1.1 200 OK"
2026-03-28 11:34:32,785 | INFO | HTTP Request: POST https://api.telegram.org/bot8715514831:AAGs0bAi4IU4cjtpg7vdiEvmY_bwzoqBVEU/getUpdates "HTTP/1.1 200 OK"
2026-03-28 11:34:42,893 | INFO | HTTP Request: POST https://api.telegram.org/bot8715514831:AAGs0bAi4IU4cjtpg7vdiEvmY_bwzoqBVEU/getUpdates "HTTP/1.1 200 OK"
2026-03-28 11:34:53,042 | INFO | HTTP Request: POST https://api.telegram.org/bot8715514831:AAGs0bAi4IU4cjtpg7vdiEvmY_bwzoqBVEU/getUpdates "HTTP/1.1 200 OK"
2026-03-28 11:35:03,149 | INFO | HTTP Request: POST https://api.telegram.org/bot8715514831:AAGs0bAi4IU4cjtpg7vdiEvmY_bwzoqBVEU/getUpdates "HTTP/1.1 200 OK"
2026-03-28 11:35:13,255 | INFO | HTTP Request: POST https://api.telegram.org/bot8715514831:AAGs0bAi4IU4cjtpg7vdiEvmY_bwzoqBVEU/getUpdates "HTTP/1.1 200 OK"
2026-03-28 11:35:23,366 | INFO | HTTP Request: POST https://api.telegram.org/bot8715514831:AAGs0bAi4IU4cjtpg7vdiEvmY_bwzoqBVEU/getUpdates "HTTP/1.1 200 OK"
2026-03-28 11:35:33,469 | INFO | HTTP Request: POST https://api.telegram.org/bot8715514831:AAGs0bAi4IU4cjtpg7vdiEvmY_bwzoqBVEU/getUpdates "HTTP/1.1 200 OK"
2026-03-28 11:35:43,586 | INFO | HTTP Request: POST https://api.telegram.org/bot8715514831:AAGs0bAi4IU4cjtpg7vdiEvmY_bwzoqBVEU/getUpdates "HTTP/1.1 200 OK"
2026-03-28 11:35:53,691 | INFO | HTTP Request: POST https://api.telegram.org/bot8715514831:AAGs0bAi4IU4cjtpg7vdiEvmY_bwzoqBVEU/getUpdates "HTTP/1.1 200 OK"
2026-03-28 11:36:03,794 | INFO | HTTP Request: POST https://api.telegram.org/bot8715514831:AAGs0bAi4IU4cjtpg7vdiEvmY_bwzoqBVEU/getUpdates "HTTP/1.1 200 OK"
2026-03-28 11:36:13,897 | INFO | HTTP Request: POST https://api.telegram.org/bot8715514831:AAGs0bAi4IU4cjtpg7vdiEvmY_bwzoqBVEU/getUpdates "HTTP/1.1 200 OK"
2026-03-28 11:36:24,000 | INFO | HTTP Request: POST https://api.telegram.org/bot8715514831:AAGs0bAi4IU4cjtpg7vdiEvmY_bwzoqBVEU/getUpdates "HTTP/1.1 200 OK"
2026-03-28 11:36:34,121 | INFO | HTTP Request: POST https://api.telegram.org/bot8715514831:AAGs0bAi4IU4cjtpg7vdiEvmY_bwzoqBVEU/getUpdates "HTTP/1.1 200 OK"
2026-03-28 11:36:44,230 | INFO | HTTP Request: POST https://api.telegram.org/bot8715514831:AAGs0bAi4IU4cjtpg7vdiEvmY_bwzoqBVEU/getUpdates "HTTP/1.1 200 OK"
2026-03-28 11:36:54,335 | INFO | HTTP Request: POST https://api.telegram.org/bot8715514831:AAGs0bAi4IU4cjtpg7vdiEvmY_bwzoqBVEU/getUpdates "HTTP/1.1 200 OK"
2026-03-28 11:37:04,441 | INFO | HTTP Request: POST https://api.telegram.org/bot8715514831:AAGs0bAi4IU4cjtpg7vdiEvmY_bwzoqBVEU/getUpdates "HTTP/1.1 200 OK"
2026-03-28 11:37:14,546 | INFO | HTTP Request: POST https://api.telegram.org/bot8715514831:AAGs0bAi4IU4cjtpg7vdiEvmY_bwzoqBVEU/getUpdates "HTTP/1.1 200 OK"
2026-03-28 11:37:24,656 | INFO | HTTP Request: POST https://api.telegram.org/bot8715514831:AAGs0bAi4IU4cjtpg7vdiEvmY_bwzoqBVEU/getUpdates "HTTP/1.1 200 OK"
2026-03-28 11:37:34,761 | INFO | HTTP Request: POST https://api.telegram.org/bot8715514831:AAGs0bAi4IU4cjtpg7vdiEvmY_bwzoqBVEU/getUpdates "HTTP/1.1 200 OK"
2026-03-28 11:37:44,865 | INFO | HTTP Request: POST https://api.telegram.org/bot8715514831:AAGs0bAi4IU4cjtpg7vdiEvmY_bwzoqBVEU/getUpdates "HTTP/1.1 200 OK"
2026-03-28 11:37:54,970 | INFO | HTTP Request: POST https://api.telegram.org/bot8715514831:AAGs0bAi4IU4cjtpg7vdiEvmY_bwzoqBVEU/getUpdates "HTTP/1.1 200 OK"
2026-03-28 11:38:05,079 | INFO | HTTP Request: POST https://api.telegram.org/bot8715514831:AAGs0bAi4IU4cjtpg7vdiEvmY_bwzoqBVEU/getUpdates "HTTP/1.1 200 OK"
2026-03-28 11:38:15,181 | INFO | HTTP Request: POST https://api.telegram.org/bot8715514831:AAGs0bAi4IU4cjtpg7vdiEvmY_bwzoqBVEU/getUpdates "HTTP/1.1 200 OK"
2026-03-28 11:38:25,281 | INFO | HTTP Request: POST https://api.telegram.org/bot8715514831:AAGs0bAi4IU4cjtpg7vdiEvmY_bwzoqBVEU/getUpdates "HTTP/1.1 200 OK"
2026-03-28 11:38:35,408 | INFO | HTTP Request: POST https://api.telegram.org/bot8715514831:AAGs0bAi4IU4cjtpg7vdiEvmY_bwzoqBVEU/getUpdates "HTTP/1.1 200 OK"
2026-03-28 11:38:45,511 | INFO | HTTP Request: POST https://api.telegram.org/bot8715514831:AAGs0bAi4IU4cjtpg7vdiEvmY_bwzoqBVEU/getUpdates "HTTP/1.1 200 OK"
2026-03-28 11:38:55,920 | INFO | HTTP Request: POST https://api.telegram.org/bot8715514831:AAGs0bAi4IU4cjtpg7vdiEvmY_bwzoqBVEU/getUpdates "HTTP/1.1 200 OK"
2026-03-28 11:39:06,016 | INFO | HTTP Request: POST https://api.telegram.org/bot8715514831:AAGs0bAi4IU4cjtpg7vdiEvmY_bwzoqBVEU/getUpdates "HTTP/1.1 200 OK"
2026-03-28 11:39:16,112 | INFO | HTTP Request: POST https://api.telegram.org/bot8715514831:AAGs0bAi4IU4cjtpg7vdiEvmY_bwzoqBVEU/getUpdates "HTTP/1.1 200 OK"
2026-03-28 11:39:26,206 | INFO | HTTP Request: POST https://api.telegram.org/bot8715514831:AAGs0bAi4IU4cjtpg7vdiEvmY_bwzoqBVEU/getUpdates "HTTP/1.1 200 OK"
2026-03-28 11:39:36,365 | INFO | HTTP Request: POST https://api.telegram.org/bot8715514831:AAGs0bAi4IU4cjtpg7vdiEvmY_bwzoqBVEU/getUpdates "HTTP/1.1 200 OK"
2026-03-28 11:39:46,460 | INFO | HTTP Request: POST https://api.telegram.org/bot8715514831:AAGs0bAi4IU4cjtpg7vdiEvmY_bwzoqBVEU/getUpdates "HTTP/1.1 200 OK"
2026-03-28 11:39:56,575 | INFO | HTTP Request: POST https://api.telegram.org/bot8715514831:AAGs0bAi4IU4cjtpg7vdiEvmY_bwzoqBVEU/getUpdates "HTTP/1.1 200 OK"
2026-03-28 11:40:06,669 | INFO | HTTP Request: POST https://api.telegram.org/bot8715514831:AAGs0bAi4IU4cjtpg7vdiEvmY_bwzoqBVEU/getUpdates "HTTP/1.1 200 OK"
2026-03-28 11:40:16,765 | INFO | HTTP Request: POST https://api.telegram.org/bot8715514831:AAGs0bAi4IU4cjtpg7vdiEvmY_bwzoqBVEU/getUpdates "HTTP/1.1 200 OK"
2026-03-28 11:40:26,860 | INFO | HTTP Request: POST https://api.telegram.org/bot8715514831:AAGs0bAi4IU4cjtpg7vdiEvmY_bwzoqBVEU/getUpdates "HTTP/1.1 200 OK"
2026-03-28 11:40:36,959 | INFO | HTTP Request: POST https://api.telegram.org/bot8715514831:AAGs0bAi4IU4cjtpg7vdiEvmY_bwzoqBVEU/getUpdates "HTTP/1.1 200 OK"
2026-03-28 11:40:47,058 | INFO | HTTP Request: POST https://api.telegram.org/bot8715514831:AAGs0bAi4IU4cjtpg7vdiEvmY_bwzoqBVEU/getUpdates "HTTP/1.1 200 OK"
2026-03-28 11:40:57,154 | INFO | HTTP Request: POST https://api.telegram.org/bot8715514831:AAGs0bAi4IU4cjtpg7vdiEvmY_bwzoqBVEU/getUpdates "HTTP/1.1 200 OK"
2026-03-28 11:41:08,334 | INFO | HTTP Request: POST https://api.telegram.org/bot8715514831:AAGs0bAi4IU4cjtpg7vdiEvmY_bwzoqBVEU/getUpdates "HTTP/1.1 200 OK"
2026-03-28 11:41:18,430 | INFO | HTTP Request: POST https://api.telegram.org/bot8715514831:AAGs0bAi4IU4cjtpg7vdiEvmY_bwzoqBVEU/getUpdates "HTTP/1.1 200 OK"
2026-03-28 11:41:28,525 | INFO | HTTP Request: POST https://api.telegram.org/bot8715514831:AAGs0bAi4IU4cjtpg7vdiEvmY_bwzoqBVEU/getUpdates "HTTP/1.1 200 OK"
2026-03-28 11:41:38,621 | INFO | HTTP Request: POST https://api.telegram.org/bot8715514831:AAGs0bAi4IU4cjtpg7vdiEvmY_bwzoqBVEU/getUpdates "HTTP/1.1 200 OK"
2026-03-28 11:41:48,717 | INFO | HTTP Request: POST https://api.telegram.org/bot8715514831:AAGs0bAi4IU4cjtpg7vdiEvmY_bwzoqBVEU/getUpdates "HTTP/1.1 200 OK"
2026-03-28 11:41:58,816 | INFO | HTTP Request: POST https://api.telegram.org/bot8715514831:AAGs0bAi4IU4cjtpg7vdiEvmY_bwzoqBVEU/getUpdates "HTTP/1.1 200 OK"
2026-03-28 11:42:08,914 | INFO | HTTP Request: POST https://api.telegram.org/bot8715514831:AAGs0bAi4IU4cjtpg7vdiEvmY_bwzoqBVEU/getUpdates "HTTP/1.1 200 OK"
2026-03-28 11:42:19,015 | INFO | HTTP Request: POST https://api.telegram.org/bot8715514831:AAGs0bAi4IU4cjtpg7vdiEvmY_bwzoqBVEU/getUpdates "HTTP/1.1 200 OK"
2026-03-28 11:42:29,114 | INFO | HTTP Request: POST https://api.telegram.org/bot8715514831:AAGs0bAi4IU4cjtpg7vdiEvmY_bwzoqBVEU/getUpdates "HTTP/1.1 200 OK"
2026-03-28 11:42:39,210 | INFO | HTTP Request: POST https://api.telegram.org/bot8715514831:AAGs0bAi4IU4cjtpg7vdiEvmY_bwzoqBVEU/getUpdates "HTTP/1.1 200 OK"
2026-03-28 11:42:49,305 | INFO | HTTP Request: POST https://api.telegram.org/bot8715514831:AAGs0bAi4IU4cjtpg7vdiEvmY_bwzoqBVEU/getUpdates "HTTP/1.1 200 OK"
2026-03-28 11:42:59,400 | INFO | HTTP Request: POST https://api.telegram.org/bot8715514831:AAGs0bAi4IU4cjtpg7vdiEvmY_bwzoqBVEU/getUpdates "HTTP/1.1 200 OK"
2026-03-28 11:43:09,524 | INFO | HTTP Request: POST https://api.telegram.org/bot8715514831:AAGs0bAi4IU4cjtpg7vdiEvmY_bwzoqBVEU/getUpdates "HTTP/1.1 200 OK"
2026-03-28 11:43:19,677 | INFO | HTTP Request: POST https://api.telegram.org/bot8715514831:AAGs0bAi4IU4cjtpg7vdiEvmY_bwzoqBVEU/getUpdates "HTTP/1.1 200 OK"
2026-03-28 11:43:29,780 | INFO | HTTP Request: POST https://api.telegram.org/bot8715514831:AAGs0bAi4IU4cjtpg7vdiEvmY_bwzoqBVEU/getUpdates "HTTP/1.1 200 OK"
2026-03-28 11:43:39,876 | INFO | HTTP Request: POST https://api.telegram.org/bot8715514831:AAGs0bAi4IU4cjtpg7vdiEvmY_bwzoqBVEU/getUpdates "HTTP/1.1 200 OK"
2026-03-28 11:43:49,972 | INFO | HTTP Request: POST https://api.telegram.org/bot8715514831:AAGs0bAi4IU4cjtpg7vdiEvmY_bwzoqBVEU/getUpdates "HTTP/1.1 200 OK"
2026-03-28 11:44:00,066 | INFO | HTTP Request: POST https://api.telegram.org/bot8715514831:AAGs0bAi4IU4cjtpg7vdiEvmY_bwzoqBVEU/getUpdates "HTTP/1.1 200 OK"
2026-03-28 11:44:10,160 | INFO | HTTP Request: POST https://api.telegram.org/bot8715514831:AAGs0bAi4IU4cjtpg7vdiEvmY_bwzoqBVEU/getUpdates "HTTP/1.1 200 OK"
2026-03-28 11:44:20,569 | INFO | HTTP Request: POST https://api.telegram.org/bot8715514831:AAGs0bAi4IU4cjtpg7vdiEvmY_bwzoqBVEU/getUpdates "HTTP/1.1 200 OK"
2026-03-28 11:44:30,890 | INFO | HTTP Request: POST https://api.telegram.org/bot8715514831:AAGs0bAi4IU4cjtpg7vdiEvmY_bwzoqBVEU/getUpdates "HTTP/1.1 200 OK"
2026-03-28 11:44:40,990 | INFO | HTTP Request: POST https://api.telegram.org/bot8715514831:AAGs0bAi4IU4cjtpg7vdiEvmY_bwzoqBVEU/getUpdates "HTTP/1.1 200 OK"
2026-03-28 11:44:51,091 | INFO | HTTP Request: POST https://api.telegram.org/bot8715514831:AAGs0bAi4IU4cjtpg7vdiEvmY_bwzoqBVEU/getUpdates "HTTP/1.1 200 OK"
2026-03-28 11:45:01,187 | INFO | HTTP Request: POST https://api.telegram.org/bot8715514831:AAGs0bAi4IU4cjtpg7vdiEvmY_bwzoqBVEU/getUpdates "HTTP/1.1 200 OK"
2026-03-28 11:45:11,328 | INFO | HTTP Request: POST https://api.telegram.org/bot8715514831:AAGs0bAi4IU4cjtpg7vdiEvmY_bwzoqBVEU/getUpdates "HTTP/1.1 200 OK"
2026-03-28 11:45:21,455 | INFO | HTTP Request: POST https://api.telegram.org/bot8715514831:AAGs0bAi4IU4cjtpg7vdiEvmY_bwzoqBVEU/getUpdates "HTTP/1.1 200 OK"
2026-03-28 11:45:31,556 | INFO | HTTP Request: POST https://api.telegram.org/bot8715514831:AAGs0bAi4IU4cjtpg7vdiEvmY_bwzoqBVEU/getUpdates "HTTP/1.1 200 OK"
2026-03-28 11:45:41,653 | INFO | HTTP Request: POST https://api.telegram.org/bot8715514831:AAGs0bAi4IU4cjtpg7vdiEvmY_bwzoqBVEU/getUpdates "HTTP/1.1 200 OK"
2026-03-28 11:45:51,749 | INFO | HTTP Request: POST https://api.telegram.org/bot8715514831:AAGs0bAi4IU4cjtpg7vdiEvmY_bwzoqBVEU/getUpdates "HTTP/1.1 200 OK"
2026-03-28 11:46:01,844 | INFO | HTTP Request: POST https://api.telegram.org/bot8715514831:AAGs0bAi4IU4cjtpg7vdiEvmY_bwzoqBVEU/getUpdates "HTTP/1.1 200 OK"
2026-03-28 11:46:11,942 | INFO | HTTP Request: POST https://api.telegram.org/bot8715514831:AAGs0bAi4IU4cjtpg7vdiEvmY_bwzoqBVEU/getUpdates "HTTP/1.1 200 OK"
2026-03-28 11:46:22,043 | INFO | HTTP Request: POST https://api.telegram.org/bot8715514831:AAGs0bAi4IU4cjtpg7vdiEvmY_bwzoqBVEU/getUpdates "HTTP/1.1 200 OK"
2026-03-28 11:46:32,144 | INFO | HTTP Request: POST https://api.telegram.org/bot8715514831:AAGs0bAi4IU4cjtpg7vdiEvmY_bwzoqBVEU/getUpdates "HTTP/1.1 200 OK"
2026-03-28 11:46:42,255 | INFO | HTTP Request: POST https://api.telegram.org/bot8715514831:AAGs0bAi4IU4cjtpg7vdiEvmY_bwzoqBVEU/getUpdates "HTTP/1.1 200 OK"
2026-03-28 11:46:52,356 | INFO | HTTP Request: POST https://api.telegram.org/bot8715514831:AAGs0bAi4IU4cjtpg7vdiEvmY_bwzoqBVEU/getUpdates "HTTP/1.1 200 OK"
2026-03-28 11:47:02,454 | INFO | HTTP Request: POST https://api.telegram.org/bot8715514831:AAGs0bAi4IU4cjtpg7vdiEvmY_bwzoqBVEU/getUpdates "HTTP/1.1 200 OK"
2026-03-28 11:47:12,558 | INFO | HTTP Request: POST https://api.telegram.org/bot8715514831:AAGs0bAi4IU4cjtpg7vdiEvmY_bwzoqBVEU/getUpdates "HTTP/1.1 200 OK"
2026-03-28 11:47:22,663 | INFO | HTTP Request: POST https://api.telegram.org/bot8715514831:AAGs0bAi4IU4cjtpg7vdiEvmY_bwzoqBVEU/getUpdates "HTTP/1.1 200 OK"
2026-03-28 11:47:32,768 | INFO | HTTP Request: POST https://api.telegram.org/bot8715514831:AAGs0bAi4IU4cjtpg7vdiEvmY_bwzoqBVEU/getUpdates "HTTP/1.1 200 OK"
2026-03-28 11:47:42,872 | INFO | HTTP Request: POST https://api.telegram.org/bot8715514831:AAGs0bAi4IU4cjtpg7vdiEvmY_bwzoqBVEU/getUpdates "HTTP/1.1 200 OK"
2026-03-28 11:47:52,974 | INFO | HTTP Request: POST https://api.telegram.org/bot8715514831:AAGs0bAi4IU4cjtpg7vdiEvmY_bwzoqBVEU/getUpdates "HTTP/1.1 200 OK"
2026-03-28 11:48:03,083 | INFO | HTTP Request: POST https://api.telegram.org/bot8715514831:AAGs0bAi4IU4cjtpg7vdiEvmY_bwzoqBVEU/getUpdates "HTTP/1.1 200 OK"
2026-03-28 11:48:13,196 | INFO | HTTP Request: POST https://api.telegram.org/bot8715514831:AAGs0bAi4IU4cjtpg7vdiEvmY_bwzoqBVEU/getUpdates "HTTP/1.1 200 OK"
2026-03-28 11:48:23,303 | INFO | HTTP Request: POST https://api.telegram.org/bot8715514831:AAGs0bAi4IU4cjtpg7vdiEvmY_bwzoqBVEU/getUpdates "HTTP/1.1 200 OK"
2026-03-28 11:48:33,402 | INFO | HTTP Request: POST https://api.telegram.org/bot8715514831:AAGs0bAi4IU4cjtpg7vdiEvmY_bwzoqBVEU/getUpdates "HTTP/1.1 200 OK"
2026-03-28 11:48:43,497 | INFO | HTTP Request: POST https://api.telegram.org/bot8715514831:AAGs0bAi4IU4cjtpg7vdiEvmY_bwzoqBVEU/getUpdates "HTTP/1.1 200 OK"
2026-03-28 11:48:53,636 | INFO | HTTP Request: POST https://api.telegram.org/bot8715514831:AAGs0bAi4IU4cjtpg7vdiEvmY_bwzoqBVEU/getUpdates "HTTP/1.1 200 OK"
2026-03-28 11:49:03,740 | INFO | HTTP Request: POST https://api.telegram.org/bot8715514831:AAGs0bAi4IU4cjtpg7vdiEvmY_bwzoqBVEU/getUpdates "HTTP/1.1 200 OK"
2026-03-28 11:49:13,968 | INFO | HTTP Request: POST https://api.telegram.org/bot8715514831:AAGs0bAi4IU4cjtpg7vdiEvmY_bwzoqBVEU/getUpdates "HTTP/1.1 200 OK"
2026-03-28 11:49:24,357 | INFO | HTTP Request: POST https://api.telegram.org/bot8715514831:AAGs0bAi4IU4cjtpg7vdiEvmY_bwzoqBVEU/getUpdates "HTTP/1.1 200 OK"
2026-03-28 11:49:34,457 | INFO | HTTP Request: POST https://api.telegram.org/bot8715514831:AAGs0bAi4IU4cjtpg7vdiEvmY_bwzoqBVEU/getUpdates "HTTP/1.1 200 OK"
2026-03-28 11:49:44,550 | INFO | HTTP Request: POST https://api.telegram.org/bot8715514831:AAGs0bAi4IU4cjtpg7vdiEvmY_bwzoqBVEU/getUpdates "HTTP/1.1 200 OK"
2026-03-28 11:49:54,646 | INFO | HTTP Request: POST https://api.telegram.org/bot8715514831:AAGs0bAi4IU4cjtpg7vdiEvmY_bwzoqBVEU/getUpdates "HTTP/1.1 200 OK"
2026-03-28 11:50:04,747 | INFO | HTTP Request: POST https://api.telegram.org/bot8715514831:AAGs0bAi4IU4cjtpg7vdiEvmY_bwzoqBVEU/getUpdates "HTTP/1.1 200 OK"
2026-03-28 11:50:14,841 | INFO | HTTP Request: POST https://api.telegram.org/bot8715514831:AAGs0bAi4IU4cjtpg7vdiEvmY_bwzoqBVEU/getUpdates "HTTP/1.1 200 OK"
2026-03-28 11:50:24,938 | INFO | HTTP Request: POST https://api.telegram.org/bot8715514831:AAGs0bAi4IU4cjtpg7vdiEvmY_bwzoqBVEU/getUpdates "HTTP/1.1 200 OK"
2026-03-28 11:50:35,040 | INFO | HTTP Request: POST https://api.telegram.org/bot8715514831:AAGs0bAi4IU4cjtpg7vdiEvmY_bwzoqBVEU/getUpdates "HTTP/1.1 200 OK"
2026-03-28 11:50:38,022 | INFO | HTTP Request: POST https://api.telegram.org/bot8715514831:AAGs0bAi4IU4cjtpg7vdiEvmY_bwzoqBVEU/getUpdates "HTTP/1.1 200 OK"
2026-03-28 11:50:40,616 | INFO | HTTP Request: POST https://api.telegram.org/bot8715514831:AAGs0bAi4IU4cjtpg7vdiEvmY_bwzoqBVEU/sendMessage "HTTP/1.1 200 OK"
2026-03-28 11:50:50,338 | INFO | HTTP Request: POST https://api.telegram.org/bot8715514831:AAGs0bAi4IU4cjtpg7vdiEvmY_bwzoqBVEU/getUpdates "HTTP/1.1 200 OK"
2026-03-28 11:51:00,438 | INFO | HTTP Request: POST https://api.telegram.org/bot8715514831:AAGs0bAi4IU4cjtpg7vdiEvmY_bwzoqBVEU/getUpdates "HTTP/1.1 200 OK"
2026-03-28 11:51:00,829 | INFO | HTTP Request: POST https://api.telegram.org/bot8715514831:AAGs0bAi4IU4cjtpg7vdiEvmY_bwzoqBVEU/getUpdates "HTTP/1.1 200 OK"
2026-03-28 11:51:04,850 | INFO | HTTP Request: POST https://api.telegram.org/bot8715514831:AAGs0bAi4IU4cjtpg7vdiEvmY_bwzoqBVEU/sendMessage "HTTP/1.1 200 OK"
2026-03-28 11:51:14,613 | INFO | HTTP Request: POST https://api.telegram.org/bot8715514831:AAGs0bAi4IU4cjtpg7vdiEvmY_bwzoqBVEU/getUpdates "HTTP/1.1 200 OK"
2026-03-28 11:51:20,354 | INFO | HTTP Request: POST https://api.telegram.org/bot8715514831:AAGs0bAi4IU4cjtpg7vdiEvmY_bwzoqBVEU/getUpdates "HTTP/1.1 200 OK"
2026-03-28 11:51:22,582 | INFO | HTTP Request: POST https://api.telegram.org/bot8715514831:AAGs0bAi4IU4cjtpg7vdiEvmY_bwzoqBVEU/sendMessage "HTTP/1.1 200 OK"
2026-03-28 11:51:31,003 | INFO | HTTP Request: POST https://api.telegram.org/bot8715514831:AAGs0bAi4IU4cjtpg7vdiEvmY_bwzoqBVEU/getUpdates "HTTP/1.1 200 OK"
2026-03-28 11:51:31,345 | INFO | HTTP Request: POST https://api.telegram.org/bot8715514831:AAGs0bAi4IU4cjtpg7vdiEvmY_bwzoqBVEU/sendMessage "HTTP/1.1 200 OK"
2026-03-28 11:51:41,105 | INFO | HTTP Request: POST https://api.telegram.org/bot8715514831:AAGs0bAi4IU4cjtpg7vdiEvmY_bwzoqBVEU/getUpdates "HTTP/1.1 200 OK"
2026-03-28 11:51:51,204 | INFO | HTTP Request: POST https://api.telegram.org/bot8715514831:AAGs0bAi4IU4cjtpg7vdiEvmY_bwzoqBVEU/getUpdates "HTTP/1.1 200 OK"
2026-03-28 11:51:57,858 | INFO | HTTP Request: POST https://api.telegram.org/bot8715514831:AAGs0bAi4IU4cjtpg7vdiEvmY_bwzoqBVEU/getUpdates "HTTP/1.1 200 OK"
2026-03-28 11:52:02,086 | INFO | HTTP Request: POST https://api.telegram.org/bot8715514831:AAGs0bAi4IU4cjtpg7vdiEvmY_bwzoqBVEU/sendMessage "HTTP/1.1 200 OK"
2026-03-28 11:52:11,842 | INFO | HTTP Request: POST https://api.telegram.org/bot8715514831:AAGs0bAi4IU4cjtpg7vdiEvmY_bwzoqBVEU/getUpdates "HTTP/1.1 200 OK"
2026-03-28 11:52:21,938 | INFO | HTTP Request: POST https://api.telegram.org/bot8715514831:AAGs0bAi4IU4cjtpg7vdiEvmY_bwzoqBVEU/getUpdates "HTTP/1.1 200 OK"
2026-03-28 11:52:32,037 | INFO | HTTP Request: POST https://api.telegram.org/bot8715514831:AAGs0bAi4IU4cjtpg7vdiEvmY_bwzoqBVEU/getUpdates "HTTP/1.1 200 OK"
2026-03-28 11:52:37,411 | INFO | HTTP Request: POST https://api.telegram.org/bot8715514831:AAGs0bAi4IU4cjtpg7vdiEvmY_bwzoqBVEU/getUpdates "HTTP/1.1 200 OK"
2026-03-28 11:52:41,811 | INFO | HTTP Request: POST https://api.telegram.org/bot8715514831:AAGs0bAi4IU4cjtpg7vdiEvmY_bwzoqBVEU/sendMessage "HTTP/1.1 200 OK"
2026-03-28 11:52:51,613 | INFO | HTTP Request: POST https://api.telegram.org/bot8715514831:AAGs0bAi4IU4cjtpg7vdiEvmY_bwzoqBVEU/getUpdates "HTTP/1.1 200 OK"
2026-03-28 11:52:52,216 | INFO | HTTP Request: POST https://api.telegram.org/bot8715514831:AAGs0bAi4IU4cjtpg7vdiEvmY_bwzoqBVEU/getUpdates "HTTP/1.1 200 OK"
2026-03-28 11:52:56,296 | INFO | HTTP Request: POST https://api.telegram.org/bot8715514831:AAGs0bAi4IU4cjtpg7vdiEvmY_bwzoqBVEU/sendMessage "HTTP/1.1 200 OK"
2026-03-28 11:53:06,042 | INFO | HTTP Request: POST https://api.telegram.org/bot8715514831:AAGs0bAi4IU4cjtpg7vdiEvmY_bwzoqBVEU/getUpdates "HTTP/1.1 200 OK"
2026-03-28 11:53:16,135 | INFO | HTTP Request: POST https://api.telegram.org/bot8715514831:AAGs0bAi4IU4cjtpg7vdiEvmY_bwzoqBVEU/getUpdates "HTTP/1.1 200 OK"
2026-03-28 11:53:26,233 | INFO | HTTP Request: POST https://api.telegram.org/bot8715514831:AAGs0bAi4IU4cjtpg7vdiEvmY_bwzoqBVEU/getUpdates "HTTP/1.1 200 OK"
2026-03-28 11:53:36,338 | INFO | HTTP Request: POST https://api.telegram.org/bot8715514831:AAGs0bAi4IU4cjtpg7vdiEvmY_bwzoqBVEU/getUpdates "HTTP/1.1 200 OK"
2026-03-28 11:53:46,437 | INFO | HTTP Request: POST https://api.telegram.org/bot8715514831:AAGs0bAi4IU4cjtpg7vdiEvmY_bwzoqBVEU/getUpdates "HTTP/1.1 200 OK"
2026-03-28 11:53:53,345 | INFO | HTTP Request: POST https://api.telegram.org/bot8715514831:AAGs0bAi4IU4cjtpg7vdiEvmY_bwzoqBVEU/getUpdates "HTTP/1.1 200 OK"
